# JRE version: OpenJDK Runtime Environment (17.0.14+7) (build 17.0.14+7-Ubuntu-122.04.1)
# Java VM: OpenJDK 64-Bit Server VM (17.0.14+7-Ubuntu-122.04.1, mixed mode, sharing, tiered, compressed oops, compressed class ptrs, g1 gc, linux-amd64)
GC Precious Log:
 CPUs: 4 total, 4 available
 Memory: 11848M
 Large Page Support: Disabled
 NUMA Support: Disabled
 Compressed Oops: Enabled (32-bit)
 Heap Region Size: 1M
 Heap Min Capacity: 8M
 Heap Initial Capacity: 186M
 Heap Max Capacity: 2G
 Pre-touch: Disabled
 Parallel Workers: 4
 Concurrent Workers: 1
 Concurrent Refinement Workers: 4
 Periodic GC: Disabled
Heap:
 garbage-first heap   total 498688K, used 312242K [0x0000000080000000, 0x0000000100000000)
  region size 1024K, 28 young (28672K), 17 survivors (17408K)
 Metaspace       used 132805K, committed 134592K, reserved 557056K
  class space    used 18251K, committed 19072K, reserved 425984K
GC Heap History (20 events):
Event: 30.641 GC heap before
{Heap before GC invocations=45 (full 0):
 garbage-first heap   total 431104K, used 357808K [0x0000000080000000, 0x0000000100000000)
  region size 1024K, 96 young (98304K), 6 survivors (6144K)
 Metaspace       used 121835K, committed 123328K, reserved 557056K
  class space    used 17013K, committed 17728K, reserved 425984K
}
Event: 30.652 GC heap after
{Heap after GC invocations=46 (full 0):
 garbage-first heap   total 431104K, used 268129K [0x0000000080000000, 0x0000000100000000)
  region size 1024K, 7 young (7168K), 7 survivors (7168K)
 Metaspace       used 121835K, committed 123328K, reserved 557056K
  class space    used 17013K, committed 17728K, reserved 425984K
}
Event: 31.229 GC heap before
{Heap before GC invocations=46 (full 0):
 garbage-first heap   total 431104K, used 361313K [0x0000000080000000, 0x0000000100000000)
  region size 1024K, 99 young (101376K), 7 survivors (7168K)
 Metaspace       used 122011K, committed 123520K, reserved 557056K
  class space    used 17030K, committed 17728K, reserved 425984K
}
Event: 31.250 GC heap after
{Heap after GC invocations=47 (full 0):
 garbage-first heap   total 431104K, used 271280K [0x0000000080000000, 0x0000000100000000)
  region size 1024K, 10 young (10240K), 10 survivors (10240K)
 Metaspace       used 122011K, committed 123520K, reserved 557056K
  class space    used 17030K, committed 17728K, reserved 425984K
}
Event: 31.598 GC heap before
{Heap before GC invocations=47 (full 0):
 garbage-first heap   total 431104K, used 362416K [0x0000000080000000, 0x0000000100000000)
  region size 1024K, 100 young (102400K), 10 survivors (10240K)
 Metaspace       used 122143K, committed 123648K, reserved 557056K
  class space    used 17046K, committed 17728K, reserved 425984K
}
Event: 31.611 GC heap after
{Heap after GC invocations=48 (full 0):
 garbage-first heap   total 498688K, used 274799K [0x0000000080000000, 0x0000000100000000)
  region size 1024K, 10 young (10240K), 10 survivors (10240K)
 Metaspace       used 122143K, committed 123648K, reserved 557056K
  class space    used 17046K, committed 17728K, reserved 425984K
}
Event: 32.454 GC heap before
{Heap before GC invocations=48 (full 0):
 garbage-first heap   total 498688K, used 415087K [0x0000000080000000, 0x0000000100000000)
  region size 1024K, 148 young (151552K), 10 survivors (10240K)
 Metaspace       used 122544K, committed 124096K, reserved 557056K
  class space    used 17080K, committed 17792K, reserved 425984K
}
Event: 32.482 GC heap after
{Heap after GC invocations=49 (full 0):
 garbage-first heap   total 498688K, used 280821K [0x0000000080000000, 0x0000000100000000)
  region size 1024K, 16 young (16384K), 16 survivors (16384K)
 Metaspace       used 122544K, committed 124096K, reserved 557056K
  class space    used 17080K, committed 17792K, reserved 425984K
}
Event: 32.919 GC heap before
{Heap before GC invocations=49 (full 0):
 garbage-first heap   total 498688K, used 417013K [0x0000000080000000, 0x0000000100000000)
  region size 1024K, 150 young (153600K), 16 survivors (16384K)
 Metaspace       used 122613K, committed 124160K, reserved 557056K
  class space    used 17089K, committed 17792K, reserved 425984K
}
Event: 32.940 GC heap after
{Heap after GC invocations=50 (full 0):
 garbage-first heap   total 498688K, used 284656K [0x0000000080000000, 0x0000000100000000)
  region size 1024K, 13 young (13312K), 13 survivors (13312K)
 Metaspace       used 122613K, committed 124160K, reserved 557056K
  class space    used 17089K, committed 17792K, reserved 425984K
}
Event: 33.584 GC heap before
{Heap before GC invocations=50 (full 0):
 garbage-first heap   total 498688K, used 424944K [0x0000000080000000, 0x0000000100000000)
  region size 1024K, 146 young (149504K), 13 survivors (13312K)
 Metaspace       used 124611K, committed 126208K, reserved 557056K
  class space    used 17252K, committed 17984K, reserved 425984K
}
Event: 33.598 GC heap after
{Heap after GC invocations=51 (full 0):
 garbage-first heap   total 498688K, used 289144K [0x0000000080000000, 0x0000000100000000)
  region size 1024K, 11 young (11264K), 11 survivors (11264K)
 Metaspace       used 124611K, committed 126208K, reserved 557056K
  class space    used 17252K, committed 17984K, reserved 425984K
}
Event: 44.316 GC heap before
{Heap before GC invocations=51 (full 0):
 garbage-first heap   total 498688K, used 422264K [0x0000000080000000, 0x0000000100000000)
  region size 1024K, 142 young (145408K), 11 survivors (11264K)
 Metaspace       used 128566K, committed 130176K, reserved 557056K
  class space    used 17756K, committed 18496K, reserved 425984K
}
Event: 44.339 GC heap after
{Heap after GC invocations=52 (full 0):
 garbage-first heap   total 498688K, used 294654K [0x0000000080000000, 0x0000000100000000)
  region size 1024K, 13 young (13312K), 13 survivors (13312K)
 Metaspace       used 128566K, committed 130176K, reserved 557056K
  class space    used 17756K, committed 18496K, reserved 425984K
}
Event: 4367.051 GC heap before
{Heap before GC invocations=52 (full 0):
 garbage-first heap   total 498688K, used 420606K [0x0000000080000000, 0x0000000100000000)
  region size 1024K, 137 young (140288K), 13 survivors (13312K)
 Metaspace       used 129169K, committed 130816K, reserved 557056K
  class space    used 17799K, committed 18560K, reserved 425984K
}
Event: 4367.062 GC heap after
{Heap after GC invocations=53 (full 0):
 garbage-first heap   total 498688K, used 294903K [0x0000000080000000, 0x0000000100000000)
  region size 1024K, 9 young (9216K), 9 survivors (9216K)
 Metaspace       used 129169K, committed 130816K, reserved 557056K
  class space    used 17799K, committed 18560K, reserved 425984K
}
Event: 9240.268 GC heap before
{Heap before GC invocations=53 (full 0):
 garbage-first heap   total 498688K, used 425975K [0x0000000080000000, 0x0000000100000000)
  region size 1024K, 137 young (140288K), 9 survivors (9216K)
 Metaspace       used 129312K, committed 131008K, reserved 557056K
  class space    used 17811K, committed 18624K, reserved 425984K
}
Event: 9240.282 GC heap after
{Heap after GC invocations=54 (full 0):
 garbage-first heap   total 498688K, used 296309K [0x0000000080000000, 0x0000000100000000)
  region size 1024K, 10 young (10240K), 10 survivors (10240K)
 Metaspace       used 129312K, committed 131008K, reserved 557056K
  class space    used 17811K, committed 18624K, reserved 425984K
}
Event: 9241.130 GC heap before
{Heap before GC invocations=54 (full 0):
 garbage-first heap   total 498688K, used 355701K [0x0000000080000000, 0x0000000100000000)
  region size 1024K, 70 young (71680K), 10 survivors (10240K)
 Metaspace       used 131973K, committed 133696K, reserved 557056K
  class space    used 18113K, committed 18944K, reserved 425984K
}
Event: 9241.147 GC heap after
{Heap after GC invocations=55 (full 0):
 garbage-first heap   total 498688K, used 303026K [0x0000000080000000, 0x0000000100000000)
  region size 1024K, 17 young (17408K), 17 survivors (17408K)
 Metaspace       used 131973K, committed 133696K, reserved 557056K
  class space    used 18113K, committed 18944K, reserved 425984K
}

